<?xml version="1.0" encoding="UTF-8"?>
<!-- Generated by org.testng.reporters.JUnitReportReporter -->
<testsuite skipped="0" hostname="LOKESH" name="TestCases.LoginTest" tests="6" failures="0" timestamp="09 Mar 2017 17:51:03 GMT" time="24.014" errors="0">
  <testcase name="Login" time="2.934" classname="TestCases.LoginTest"/>
  <testcase name="Login" time="2.394" classname="TestCases.LoginTest"/>
  <testcase name="FindFlight" time="6.427" classname="TestCases.LoginTest"/>
  <testcase name="FindFlight" time="3.758" classname="TestCases.LoginTest"/>
  <testcase name="LogOut" time="4.589" classname="TestCases.LoginTest"/>
  <testcase name="LogOut" time="3.912" classname="TestCases.LoginTest"/>
</testsuite> <!-- TestCases.LoginTest -->
